This is e-pTeX, Version 3.14159265-p3.6-141210-2.6 (utf8.euc) (TeX Live 2015) (preloaded format=platex 2015.10.21)  9 NOV 2015 21:23
entering extended mode
 restricted \write18 enabled.
 %&-line parsing enabled.
**guide.tex
(./guide.tex
pLaTeX2e <2006/11/10> (based on LaTeX2e <2015/01/01> patch level 0)
Babel <3.9l> and hyphenation patterns for 79 languages loaded.
(./jpnsec2e.cls
Document Class: jpnsec2e 1999/09/20
(/usr/local/texlive/2015/texmf-dist/tex/latex/base/latexsym.sty
Package: latexsym 1998/08/17 v2.2e Standard LaTeX package (lasy symbols)
\symlasy=\mathgroup4
LaTeX Font Info:    Overwriting symbol font `lasy' in version `bold'
(Font)                  U/lasy/m/n --> U/lasy/b/n on input line 52.
)
(/usr/local/texlive/2015/texmf-dist/tex/latex/psnfss/times.sty
Package: times 2005/04/12 PSNFSS-v9.2a (SPQR) 
)
\c@@paper=\count81
LaTeX Font Info:    External font `min8 at8.872pt' loaded for size
(Font)              <9> on input line 204.
LaTeX Font Info:    Try loading font information for OT1+ptm on input line 204.


(/usr/local/texlive/2015/texmf-dist/tex/latex/psnfss/ot1ptm.fd
File: ot1ptm.fd 2001/06/04 font definitions for OT1/ptm.
)
LaTeX Font Info:    Font shape `JY1/mc/m/n' will be
(Font)              scaled to size 9.6222pt on input line 213.
LaTeX Font Info:    Overwriting math alphabet `\mathtt' in version `normal'
(Font)                  OT1/cmtt/m/n --> OT1/pcr/m/n on input line 296.
\AuthItemHsizeSmall=\skip41
\AuthItemHsizeLarge=\skip42
\@authorcnt=\count82
\@totalnumber=\count83
\@alcnt=\count84
\@tempboxa=\box41
\@tempboxb=\box42
\@tempdima=\dimen118
\@keywordbox=\box43
\@summarybox=\box44
\@tempboxc=\box45
\@tempskip=\skip43
\@jiwaribox=\box46
\c@part=\count85
\c@chapter=\count86
\c@section=\count87
\c@subsection=\count88
\c@subsubsection=\count89
\c@paragraph=\count90
\c@subparagraph=\count91
\capwidth=\dimen119
\abovecaptionskip=\skip44
\belowcaptionskip=\skip45
\c@figure=\count92
\c@table=\count93
\@Tempboxa=\box47
\@Tempboxb=\box48
\@Tempdima=\dimen120
\verbatimleftmargin=\dimen121
\verbatimbaselineskip=\dimen122
\symmincho=\mathgroup5
LaTeX Font Info:    Overwriting symbol font `mincho' in version `bold'
(Font)                  JY1/mc/m/n --> JY1/gt/m/n on input line 1584.
\toclineskip=\dimen123
\@lnumwidth=\dimen124
\evennodoshift=\dimen125
\oddnodoshift=\dimen126
\evenkoguchishift=\dimen127
\oddkoguchishift=\dimen128
\mathindent=\dimen129
)
(/usr/local/texlive/2015/texmf-dist/tex/latex/graphics/graphics.sty
Package: graphics 2014/10/28 v1.0p Standard LaTeX Graphics (DPC,SPQR)

(/usr/local/texlive/2015/texmf-dist/tex/latex/graphics/trig.sty
Package: trig 1999/03/16 v1.09 sin cos tan (DPC)
)
(/usr/local/texlive/2015/texmf-dist/tex/latex/latexconfig/graphics.cfg
File: graphics.cfg 2010/04/23 v1.9 graphics configuration of TeX Live
)
Package graphics Info: Driver file: dvips.def on input line 94.

(/usr/local/texlive/2015/texmf-dist/tex/latex/graphics/dvips.def
File: dvips.def 2014/10/14 v3.0j Driver-dependent file (DPC,SPQR)
))
(/usr/local/texlive/2015/texmf-dist/tex/latex/fancybox/fancybox.sty
Package: fancybox 2010/05/15 1.4

Style option: `fancybox' v1.4 <2010/05/15> (tvz)
\@fancybox=\box49
\shadowsize=\dimen130
\@Sbox=\box50
\do@VerbBox=\toks15
\the@fancyput=\toks16
\this@fancyput=\toks17
\EndVerbatimTokens=\toks18
\Verbatim@Outfile=\write3
\Verbatim@Infile=\read1
) (/usr/local/texlive/2015/texmf-dist/tex/latex/comment/comment.sty
\CommentStream=\write4

Excluding comment 'comment') (I search kanjifont definition file: . . )
(I search font definition file: . . . . . . . )
LaTeX Font Info:    Try loading font information for OT1+pcr on input line 20.

(/usr/local/texlive/2015/texmf-dist/tex/latex/psnfss/ot1pcr.fd
File: ot1pcr.fd 2001/06/04 font definitions for OT1/pcr.
)
(I search kanjifont definition file: . . )
LaTeX Font Info:    External font `cmex10' loaded for size
(Font)              <7> on input line 50.
LaTeX Font Info:    External font `cmex10' loaded for size
(Font)              <5> on input line 50.
LaTeX Font Info:    Try loading font information for U+lasy on input line 50.

(/usr/local/texlive/2015/texmf-dist/tex/latex/base/ulasy.fd
File: ulasy.fd 1998/08/17 v2.2e LaTeX symbol font definitions
)
LaTeX Font Info:    Font shape `JY1/mc/m/n' will be
(Font)              scaled to size 6.73553pt on input line 50.
LaTeX Font Info:    External font `min5 at5.175pt' loaded for size
(Font)              <5> on input line 50.
LaTeX Font Info:    Font shape `JT1/mc/bx/n' in size <10> not available
(Font)              Font shape `JT1/gt/m/n' tried instead on input line 62.
LaTeX Font Info:    Font shape `JY1/mc/bx/n' in size <10> not available
(Font)              Font shape `JY1/gt/m/n' tried instead on input line 62.
LaTeX Font Info:    Font shape `JY1/gt/m/n' will be
(Font)              scaled to size 9.6222pt on input line 62.
LaTeX Font Info:    Font shape `OT1/ptm/bx/n' in size <10> not available
(Font)              Font shape `OT1/ptm/b/n' tried instead on input line 62.

No file guide.aux.
\openout1 = `guide.aux'.

LaTeX Font Info:    Checking defaults for OML/cmm/m/it on input line 67.
LaTeX Font Info:    ... okay on input line 67.
LaTeX Font Info:    Checking defaults for T1/cmr/m/n on input line 67.
LaTeX Font Info:    ... okay on input line 67.
LaTeX Font Info:    Checking defaults for OT1/cmr/m/n on input line 67.
LaTeX Font Info:    ... okay on input line 67.
LaTeX Font Info:    Checking defaults for OMS/cmsy/m/n on input line 67.
LaTeX Font Info:    ... okay on input line 67.
LaTeX Font Info:    Checking defaults for OMX/cmex/m/n on input line 67.
LaTeX Font Info:    ... okay on input line 67.
LaTeX Font Info:    Checking defaults for U/cmr/m/n on input line 67.
LaTeX Font Info:    ... okay on input line 67.
LaTeX Font Info:    Checking defaults for JY1/mc/m/n on input line 67.
LaTeX Font Info:    ... okay on input line 67.
LaTeX Font Info:    Checking defaults for JT1/mc/m/n on input line 67.
LaTeX Font Info:    ... okay on input line 67.
LaTeX Font Info:    Font shape `JY1/mc/m/n' will be
(Font)              scaled to size 23.94002pt on input line 68.
LaTeX Font Info:    External font `cmex10' loaded for size
(Font)              <24.88> on input line 68.
LaTeX Font Info:    External font `cmex10' loaded for size
(Font)              <20.74> on input line 68.
LaTeX Font Info:    External font `cmex10' loaded for size
(Font)              <17.28> on input line 68.
LaTeX Font Info:    Font shape `JY1/mc/m/n' will be
(Font)              scaled to size 19.95642pt on input line 68.
LaTeX Font Info:    Font shape `JY1/mc/m/n' will be
(Font)              scaled to size 16.62714pt on input line 68.
LaTeX Font Info:    Font shape `JY1/mc/m/n' will be
(Font)              scaled to size 13.85594pt on input line 68.
LaTeX Font Info:    Font shape `JT1/mc/bx/n' in size <14.4> not available
(Font)              Font shape `JT1/gt/m/n' tried instead on input line 68.
LaTeX Font Info:    Font shape `JY1/mc/bx/n' in size <14.4> not available
(Font)              Font shape `JY1/gt/m/n' tried instead on input line 68.
LaTeX Font Info:    Font shape `JY1/gt/m/n' will be
(Font)              scaled to size 13.85594pt on input line 68.
LaTeX Font Info:    Font shape `OT1/ptm/bx/n' in size <14.4> not available
(Font)              Font shape `OT1/ptm/b/n' tried instead on input line 68.
LaTeX Font Info:    External font `cmex10' loaded for size
(Font)              <14.4> on input line 68.
LaTeX Font Info:    Font shape `JY1/mc/m/n' will be
(Font)              scaled to size 11.54663pt on input line 68.
LaTeX Font Info:    External font `min6 at5.916pt' loaded for size
(Font)              <6> on input line 68.
LaTeX Font Info:    External font `min8 at8.128pt' loaded for size
(Font)              <8> on input line 68.
LaTeX Font Info:    Font shape `JT1/mc/bx/n' in size <12> not available
(Font)              Font shape `JT1/gt/m/n' tried instead on input line 70.
LaTeX Font Info:    Font shape `JY1/mc/bx/n' in size <12> not available
(Font)              Font shape `JY1/gt/m/n' tried instead on input line 70.
LaTeX Font Info:    Font shape `JY1/gt/m/n' will be
(Font)              scaled to size 11.54663pt on input line 70.
LaTeX Font Info:    Font shape `OT1/ptm/bx/n' in size <12> not available
(Font)              Font shape `OT1/ptm/b/n' tried instead on input line 70.
LaTeX Font Info:    External font `cmex10' loaded for size
(Font)              <9> on input line 84.
LaTeX Font Info:    External font `cmex10' loaded for size
(Font)              <6> on input line 84.

LaTeX Warning: Reference `japanese' on page 1 undefined on input line 99.


LaTeX Warning: Reference `english' on page 1 undefined on input line 99.


LaTeX Warning: Reference `sec:generalnote' on page 1 undefined on input line 10
1.


LaTeX Warning: Reference `sec:figtab' on page 1 undefined on input line 103.


LaTeX Font Warning: Font shape `JT1/mc/m/sc' undefined
(Font)              using `JT1/mc/m/n' instead on input line 103.


LaTeX Font Warning: Font shape `JY1/mc/m/sc' undefined
(Font)              using `JY1/mc/m/n' instead on input line 103.


LaTeX Warning: Reference `sec:equation' on page 1 undefined on input line 105.


LaTeX Warning: Reference `sec:bib' on page 1 undefined on input line 106.


LaTeX Warning: Reference `submit' on page 1 undefined on input line 107.


LaTeX Warning: Reference `fig:原稿構成' on page 1 undefined on input line 138.


Overfull \hbox (2.31354pt too wide) in paragraph at lines 194--194
[]                             \OT1/pcr/m/n/9 {e-mail,URL}[]  
 []


Overfull \hbox (2.31354pt too wide) in paragraph at lines 194--194
[]                             \OT1/pcr/m/n/9 {e-mail,URL}[]  
 []

LaTeX Font Info:    Font shape `JT1/mc/bx/n' in size <8> not available
(Font)              Font shape `JT1/gt/m/n' tried instead on input line 195.
LaTeX Font Info:    Font shape `JY1/mc/bx/n' in size <8> not available
(Font)              Font shape `JY1/gt/m/n' tried instead on input line 195.
LaTeX Font Info:    External font `goth8 at8.128pt' loaded for size
(Font)              <8> on input line 195.
LaTeX Font Info:    Font shape `OT1/ptm/bx/n' in size <8> not available
(Font)              Font shape `OT1/ptm/b/n' tried instead on input line 195.
LaTeX Font Info:    Try loading font information for OMS+ptm on input line 199.

(/usr/local/texlive/2015/texmf-dist/tex/latex/psnfss/omsptm.fd
File: omsptm.fd 
)

LaTeX Font Warning: Font shape `OMS/ptm/bx/n' undefined
(Font)              using `OMS/ptm/m/n' instead
(Font)              for symbol `textsection' on input line 199.

LaTeX Font Info:    Font shape `OMS/ptm/m/n' in size <10> not available
(Font)              Font shape `OMS/cmsy/m/n' tried instead on input line 199.
LaTeX Font Info:    Font shape `OT1/pcr/bx/n' in size <10> not available
(Font)              Font shape `OT1/pcr/b/n' tried instead on input line 199.
LaTeX Font Info:    External font `cmex10' loaded for size
(Font)              <8> on input line 202.
LaTeX Font Info:    Font shape `OMS/ptm/bx/n' in size <10> not available
(Font)              Font shape `OMS/cmsy/m/n' tried instead on input line 210.
LaTeX Font Info:    Font shape `JT1/mc/m/sl' in size <9> not available
(Font)              Font shape `JT1/mc/m/n' tried instead on input line 234.
LaTeX Font Info:    Font shape `JY1/mc/m/sl' in size <9> not available
(Font)              Font shape `JY1/mc/m/n' tried instead on input line 234.
LaTeX Font Info:    External font `min8 at8.872pt' loaded for size
(Font)              <9> on input line 234.
[1

]

LaTeX Warning: Reference `sec:bib' on page 2 undefined on input line 287.

[2]
Overfull \hbox (0.55978pt too wide) in paragraph at lines 348--356
\JY1/mc/m/n/10 （\OT1/pcr/m/n/10 [] \JY1/mc/m/n/10 内 ） を用いて ， \OT1/pcr/m
/n/9 english \JY1/mc/m/n/10 を指定してください ． \OT1/pcr/m/n/10 \name
 []

LaTeX Font Info:    Try loading font information for OMS+pcr on input line 393.

(/usr/local/texlive/2015/texmf-dist/tex/latex/psnfss/omspcr.fd
File: omspcr.fd 
)
LaTeX Font Info:    Font shape `OMS/pcr/m/n' in size <10> not available
(Font)              Font shape `OMS/cmsy/m/n' tried instead on input line 393.


LaTeX Warning: Reference `amstex' on page 3 undefined on input line 410.

[3]

LaTeX Warning: Citation `latex-graphics-companion' on page 4 undefined on input
 line 478.


LaTeX Warning: Citation `中野' on page 4 undefined on input line 479.

LaTeX Font Info:    Font shape `JY1/mc/m/sc' will be
(Font)              scaled to size 9.6222pt on input line 481.

Overfull \hbox (10.42339pt too wide) in paragraph at lines 491--491
[]\OT1/pcr/m/n/8 Times, Times-Bold, Times-Italic, Times-BoldItalic[]  
 []


Overfull \hbox (5.46335pt too wide) in paragraph at lines 501--503
[]\JY1/mc/m/sc/10 独立行の数式の記述には ，  \OT1/pcr/m/n/9 $$ \JY1/mc/m/sc/10 
ではなく， $\OMS/cmsy/m/n/10 n$\OT1/pcr/m/n/10 [ \JY1/mc/m/sc/10 や \OT1/pcr/m/
n/9 equation
 []


LaTeX Warning: Citation `latex-companion' on page 4 undefined on input line 525
.


LaTeX Warning: Citation `中野' on page 4 undefined on input line 525.


LaTeX Warning: Reference `tbl:newtheorem' on page 4 undefined on input line 530
.


LaTeX Warning: Reference `fig:bibsample' on page 4 undefined on input line 596.



Overfull \hbox (2.31354pt too wide) in paragraph at lines 654--654
[]  \OT1/pcr/m/n/9 author = "K. Deb, S. Pratap, S. Agawal,[]  
 []


Overfull \hbox (2.31354pt too wide) in paragraph at lines 654--654
[]  \OT1/pcr/m/n/9 title = "A Fast Elitist Multi-objective[]  
 []


Overfull \hbox (7.71353pt too wide) in paragraph at lines 654--654
[]  \OT1/pcr/m/n/9 booktitle = "Proc. of the 8th Int. Conf.[]  
 []


Overfull \hbox (2.31354pt too wide) in paragraph at lines 654--654
[]  \OT1/pcr/m/n/9 on Parallel Problem Solving form Nature[]  
 []


LaTeX Warning: Citation `松井' on page 4 undefined on input line 660.


LaTeX Warning: Citation `btxhak' on page 4 undefined on input line 660.

[4]
No file guide.bbl.
LaTeX Font Info:    Font shape `JT1/mc/bx/n' in size <9> not available
(Font)              Font shape `JT1/gt/m/n' tried instead on input line 691.
LaTeX Font Info:    Font shape `JY1/mc/bx/n' in size <9> not available
(Font)              Font shape `JY1/gt/m/n' tried instead on input line 691.
LaTeX Font Info:    External font `goth8 at8.872pt' loaded for size
(Font)              <9> on input line 691.
LaTeX Font Info:    Font shape `OT1/ptm/bx/n' in size <9> not available
(Font)              Font shape `OT1/ptm/b/n' tried instead on input line 691.
LaTeX Font Info:    Font shape `OT1/pcr/bx/n' in size <9> not available
(Font)              Font shape `OT1/pcr/b/n' tried instead on input line 691.
[5] (./guide.aux)

LaTeX Font Warning: Some font shapes were not available, defaults substituted.


LaTeX Warning: There were undefined references.


LaTeX Warning: Label(s) may have changed. Rerun to get cross-references right.

 ) 
Here is how much of TeX's memory you used:
 1312 strings out of 493777
 16468 string characters out of 6151333
 89126 words of memory out of 5000000
 4806 multiletter control sequences out of 15000+600000
 31490 words of font info for 112 fonts, out of 8000000 for 9000
 929 hyphenation exceptions out of 8191
 25i,13n,24p,278b,444s stack positions out of 5000i,500n,10000p,200000b,80000s

Output written on guide.dvi (5 pages, 33496 bytes).
